Performing C SOURCE FILE Test CMAKE_HAVE_LIBC_PTHREAD failed with the following output:
Change Dir: C:/photo_editors/out/build/x64-Debug/CMakeFiles/CMakeScratch/TryCompile-ii81qt

Run Build Command(s):C:/Program Files/Microsoft Visual Studio/2022/Community/Common7/IDE/CommonExtensions/Microsoft/CMake/Ninja/ninja.exe cmTC_c016d && [1/2] Building C object CMakeFiles\cmTC_c016d.dir\src.c.obj
FAILED: CMakeFiles/cmTC_c016d.dir/src.c.obj 
C:\PROGRA~1\MICROS~4\2022\COMMUN~1\VC\Tools\MSVC\1435~1.322\bin\Hostx64\x64\cl.exe  /nologo -DCMAKE_HAVE_LIBC_PTHREAD  /DWIN32 /D_WINDOWS  /Zi /Ob0 /Od /RTC1 -MDd /showIncludes /FoCMakeFiles\cmTC_c016d.dir\src.c.obj /FdCMakeFiles\cmTC_c016d.dir\ /FS -c C:\photo_editors\out\build\x64-Debug\CMakeFiles\CMakeScratch\TryCompile-ii81qt\src.c
C:\photo_editors\out\build\x64-Debug\CMakeFiles\CMakeScratch\TryCompile-ii81qt\src.c(1): fatal error C1083: Cannot open include file: 'pthread.h': No such file or directory
ninja: build stopped: subcommand failed.


Source file was:
#include <pthread.h>

static void* test_func(void* data)
{
  return data;
}

int main(void)
{
  pthread_t thread;
  pthread_create(&thread, NULL, test_func, NULL);
  pthread_detach(thread);
  pthread_cancel(thread);
  pthread_join(thread, NULL);
  pthread_atfork(NULL, NULL, NULL);
  pthread_exit(NULL);

  return 0;
}


Determining if the function pthread_create exists in the pthreads failed with the following output:
Change Dir: C:/photo_editors/out/build/x64-Debug/CMakeFiles/CMakeScratch/TryCompile-k2ctvv

Run Build Command(s):C:/Program Files/Microsoft Visual Studio/2022/Community/Common7/IDE/CommonExtensions/Microsoft/CMake/Ninja/ninja.exe cmTC_9aef6 && [1/2] Building C object CMakeFiles\cmTC_9aef6.dir\CheckFunctionExists.c.obj
[2/2] Linking C executable cmTC_9aef6.exe
FAILED: cmTC_9aef6.exe 
cmd.exe /C "cd . && "C:\Program Files\Microsoft Visual Studio\2022\Community\Common7\IDE\CommonExtensions\Microsoft\CMake\CMake\bin\cmake.exe" -E vs_link_exe --intdir=CMakeFiles\cmTC_9aef6.dir --rc=C:\PROGRA~2\WI3CF2~1\10\bin\100220~1.0\x64\rc.exe --mt=C:\PROGRA~2\WI3CF2~1\10\bin\100220~1.0\x64\mt.exe --manifests  -- C:\PROGRA~1\MICROS~4\2022\COMMUN~1\VC\Tools\MSVC\1435~1.322\bin\Hostx64\x64\link.exe /nologo CMakeFiles\cmTC_9aef6.dir\CheckFunctionExists.c.obj  /out:cmTC_9aef6.exe /implib:cmTC_9aef6.lib /pdb:cmTC_9aef6.pdb /version:0.0 /machine:x64 /SUBSYSTEM:WINDOWS /ENTRY:mainCRTStartup  /debug /INCREMENTAL /subsystem:console  pthreads.lib  kernel32.lib user32.lib gdi32.lib winspool.lib shell32.lib ole32.lib oleaut32.lib uuid.lib comdlg32.lib advapi32.lib && cmd.exe /C "cd /D C:\photo_editors\out\build\x64-Debug\CMakeFiles\CMakeScratch\TryCompile-k2ctvv && "C:\Program Files\PowerShell\7\pwsh.exe" -noprofile -executionpolicy Bypass -file C:/Users/knyaz_ayotgwn/vcpkg/scripts/buildsystems/msbuild/applocal.ps1 -targetBinary C:/photo_editors/out/build/x64-Debug/CMakeFiles/CMakeScratch/TryCompile-k2ctvv/cmTC_9aef6.exe -installedDir C:/Users/knyaz_ayotgwn/vcpkg/installed/x64-windows/debug/bin -OutVariable out""
LINK Pass 1: command "C:\PROGRA~1\MICROS~4\2022\COMMUN~1\VC\Tools\MSVC\1435~1.322\bin\Hostx64\x64\link.exe /nologo CMakeFiles\cmTC_9aef6.dir\CheckFunctionExists.c.obj /out:cmTC_9aef6.exe /implib:cmTC_9aef6.lib /pdb:cmTC_9aef6.pdb /version:0.0 /machine:x64 /SUBSYSTEM:WINDOWS /ENTRY:mainCRTStartup /debug /INCREMENTAL /subsystem:console pthreads.lib kernel32.lib user32.lib gdi32.lib winspool.lib shell32.lib ole32.lib oleaut32.lib uuid.lib comdlg32.lib advapi32.lib /MANIFEST /MANIFESTFILE:CMakeFiles\cmTC_9aef6.dir/intermediate.manifest CMakeFiles\cmTC_9aef6.dir/manifest.res" failed (exit code 1104) with the following output:
LINK : fatal error LNK1104: cannot open file 'pthreads.lib'
ninja: build stopped: subcommand failed.



Determining if the function pthread_create exists in the pthread failed with the following output:
Change Dir: C:/photo_editors/out/build/x64-Debug/CMakeFiles/CMakeScratch/TryCompile-9g293l

Run Build Command(s):C:/Program Files/Microsoft Visual Studio/2022/Community/Common7/IDE/CommonExtensions/Microsoft/CMake/Ninja/ninja.exe cmTC_46703 && [1/2] Building C object CMakeFiles\cmTC_46703.dir\CheckFunctionExists.c.obj
[2/2] Linking C executable cmTC_46703.exe
FAILED: cmTC_46703.exe 
cmd.exe /C "cd . && "C:\Program Files\Microsoft Visual Studio\2022\Community\Common7\IDE\CommonExtensions\Microsoft\CMake\CMake\bin\cmake.exe" -E vs_link_exe --intdir=CMakeFiles\cmTC_46703.dir --rc=C:\PROGRA~2\WI3CF2~1\10\bin\100220~1.0\x64\rc.exe --mt=C:\PROGRA~2\WI3CF2~1\10\bin\100220~1.0\x64\mt.exe --manifests  -- C:\PROGRA~1\MICROS~4\2022\COMMUN~1\VC\Tools\MSVC\1435~1.322\bin\Hostx64\x64\link.exe /nologo CMakeFiles\cmTC_46703.dir\CheckFunctionExists.c.obj  /out:cmTC_46703.exe /implib:cmTC_46703.lib /pdb:cmTC_46703.pdb /version:0.0 /machine:x64 /SUBSYSTEM:WINDOWS /ENTRY:mainCRTStartup  /debug /INCREMENTAL /subsystem:console  pthread.lib  kernel32.lib user32.lib gdi32.lib winspool.lib shell32.lib ole32.lib oleaut32.lib uuid.lib comdlg32.lib advapi32.lib && cmd.exe /C "cd /D C:\photo_editors\out\build\x64-Debug\CMakeFiles\CMakeScratch\TryCompile-9g293l && "C:\Program Files\PowerShell\7\pwsh.exe" -noprofile -executionpolicy Bypass -file C:/Users/knyaz_ayotgwn/vcpkg/scripts/buildsystems/msbuild/applocal.ps1 -targetBinary C:/photo_editors/out/build/x64-Debug/CMakeFiles/CMakeScratch/TryCompile-9g293l/cmTC_46703.exe -installedDir C:/Users/knyaz_ayotgwn/vcpkg/installed/x64-windows/debug/bin -OutVariable out""
LINK Pass 1: command "C:\PROGRA~1\MICROS~4\2022\COMMUN~1\VC\Tools\MSVC\1435~1.322\bin\Hostx64\x64\link.exe /nologo CMakeFiles\cmTC_46703.dir\CheckFunctionExists.c.obj /out:cmTC_46703.exe /implib:cmTC_46703.lib /pdb:cmTC_46703.pdb /version:0.0 /machine:x64 /SUBSYSTEM:WINDOWS /ENTRY:mainCRTStartup /debug /INCREMENTAL /subsystem:console pthread.lib kernel32.lib user32.lib gdi32.lib winspool.lib shell32.lib ole32.lib oleaut32.lib uuid.lib comdlg32.lib advapi32.lib /MANIFEST /MANIFESTFILE:CMakeFiles\cmTC_46703.dir/intermediate.manifest CMakeFiles\cmTC_46703.dir/manifest.res" failed (exit code 1104) with the following output:
LINK : fatal error LNK1104: cannot open file 'pthread.lib'
ninja: build stopped: subcommand failed.



